<?xml version="1.0" encoding="UTF-8"?>
<!-- Generated by org.testng.reporters.JUnitReportReporter -->
<testsuite hostname="VijayshreeC-ML" failures="0" tests="1" name="com.Testcases.Test1Test" time="6.016" errors="0" timestamp="2020-05-22T16:20:35 IST" skipped="0">
  <testcase classname="com.Testcases.Test1Test" name="executeFirstTest" time="6.016"/>
</testsuite> <!-- com.Testcases.Test1Test -->
